Using pre-set license
Built from 'HEAD' branch; Version is '2022.1.23f1c1 (46637c7592ee) revision 4612988'; Using compiler version '192829333'; Build Type 'Release'
OS: 'Windows 11  (10.0.22621) 64bit CoreCountrySpecific' Language: 'zh' Physical Memory: 16049 MB
BatchMode: 1, IsHumanControllingUs: 0, StartBugReporterOnCrash: 0, Is64bit: 1, IsPro: 1

COMMAND LINE ARGUMENTS:
D:\Unity 2022.1.23f1c1\Editor\Unity.exe
-adb2
-batchMode
-noUpm
-name
AssetImportWorker4
-projectPath
E:/Docs/Projects/CEG5205_Final_Project
-logFile
Logs/AssetImportWorker4.log
-srvPort
1585
Successfully changed project path to: E:/Docs/Projects/CEG5205_Final_Project
E:/Docs/Projects/CEG5205_Final_Project
[UnityMemory] Configuration Parameters - Can be set up in boot.config
    "memorysetup-bucket-allocator-granularity=16"
    "memorysetup-bucket-allocator-bucket-count=8"
    "memorysetup-bucket-allocator-block-size=33554432"
    "memorysetup-bucket-allocator-block-count=8"
    "memorysetup-main-allocator-block-size=16777216"
    "memorysetup-thread-allocator-block-size=16777216"
    "memorysetup-gfx-main-allocator-block-size=16777216"
    "memorysetup-gfx-thread-allocator-block-size=16777216"
    "memorysetup-cache-allocator-block-size=4194304"
    "memorysetup-typetree-allocator-block-size=2097152"
    "memorysetup-profiler-bucket-allocator-granularity=16"
    "memorysetup-profiler-bucket-allocator-bucket-count=8"
    "memorysetup-profiler-bucket-allocator-block-size=33554432"
    "memorysetup-profiler-bucket-allocator-block-count=8"
    "memorysetup-profiler-allocator-block-size=16777216"
    "memorysetup-profiler-editor-allocator-block-size=1048576"
    "memorysetup-temp-allocator-size-main=16777216"
    "memorysetup-job-temp-allocator-block-size=2097152"
    "memorysetup-job-temp-allocator-block-size-background=1048576"
    "memorysetup-job-temp-allocator-reduction-small-platforms=262144"
    "memorysetup-temp-allocator-size-background-worker=32768"
    "memorysetup-temp-allocator-size-job-worker=262144"
    "memorysetup-temp-allocator-size-preload-manager=33554432"
    "memorysetup-temp-allocator-size-nav-mesh-worker=65536"
    "memorysetup-temp-allocator-size-audio-worker=65536"
    "memorysetup-temp-allocator-size-cloud-worker=32768"
    "memorysetup-temp-allocator-size-gi-baking-worker=262144"
    "memorysetup-temp-allocator-size-gfx=262144"
Refreshing native plugins compatible for Editor in 65.25 ms, found 3 plugins.
Preloading 0 native plugins for Editor in 0.00 ms.
Initialize engine version: 2022.1.23f1c1 (46637c7592ee)
[Subsystems] Discovering subsystems at path D:/Unity 2022.1.23f1c1/Editor/Data/Resources/UnitySubsystems
[Subsystems] Discovering subsystems at path E:/Docs/Projects/CEG5205_Final_Project/Assets
GfxDevice: creating device client; threaded=0; jobified=0
Direct3D:
    Version:  Direct3D 11.0 [level 11.1]
    Renderer: NVIDIA GeForce RTX 3050 Ti Laptop GPU (ID=0x25a0)
    Vendor:   NVIDIA
    VRAM:     3976 MB
    Driver:   31.0.15.2878
Initialize mono
Mono path[0] = 'D:/Unity 2022.1.23f1c1/Editor/Data/Managed'
Mono path[1] = 'D:/Unity 2022.1.23f1c1/Editor/Data/MonoBleedingEdge/lib/mono/unityjit-win32'
Mono config path = 'D:/Unity 2022.1.23f1c1/Editor/Data/MonoBleedingEdge/etc'
Using monoOptions --debugger-agent=transport=dt_socket,embedding=1,server=y,suspend=n,address=127.0.0.1:56340
Begin MonoManager ReloadAssembly
Registering precompiled unity dll's ...
Register platform support module: D:/Unity 2022.1.23f1c1/Editor/Data/PlaybackEngines/WindowsStandaloneSupport/UnityEditor.WindowsStandalone.Extensions.dll
Registered in 0.001398 seconds.
Native extension for WindowsStandalone target not found
Refreshing native plugins compatible for Editor in 68.69 ms, found 3 plugins.
Preloading 0 native plugins for Editor in 0.00 ms.
Mono: successfully reloaded assembly
- Completed reload, in  0.563 seconds
Domain Reload Profiling:
	ReloadAssembly (564ms)
		BeginReloadAssembly (60ms)
			ExecutionOrderSort (0ms)
			DisableScriptedObjects (0ms)
			BackupInstance (0ms)
			ReleaseScriptingObjects (0ms)
			CreateAndSetChildDomain (1ms)
		EndReloadAssembly (414ms)
			LoadAssemblies (58ms)
			RebuildTransferFunctionScriptingTraits (0ms)
			SetupTypeCache (98ms)
				TypeCache.Initialize (97ms)
					TypeCache.ScanAssembly (96ms)
				ResolveRequiredComponents (0ms)
			ReleaseScriptCaches (0ms)
			RebuildScriptCaches (25ms)
			SetupLoadedEditorAssemblies (242ms)
				LogAssemblyErrors (0ms)
				InitializePlatformSupportModulesInManaged (6ms)
				SetLoadedEditorAssemblies (7ms)
				RefreshPlugins (69ms)
				BeforeProcessingInitializeOnLoad (1ms)
				ProcessInitializeOnLoadAttributes (119ms)
				ProcessInitializeOnLoadMethodAttributes (39ms)
				AfterProcessingInitializeOnLoad (0ms)
				EditorAssembliesLoaded (0ms)
			ExecutionOrderSort2 (0ms)
			AwakeInstancesAfterBackupRestoration (0ms)
Platform modules already initialized, skipping
Registering precompiled user dll's ...
Registered in 0.006234 seconds.
Begin MonoManager ReloadAssembly
Symbol file LoadedFromMemory doesn't match image E:\Docs\Projects\CEG5205_Final_Project\Library\PackageCache\com.unity.visualscripting@1.7.8\Editor\VisualScripting.Core\Dependencies\YamlDotNet\Unity.VisualScripting.YamlDotNet.dll
Symbol file LoadedFromMemory doesn't match image E:\Docs\Projects\CEG5205_Final_Project\Library\PackageCache\com.unity.visualscripting@1.7.8\Editor\VisualScripting.Core\Dependencies\DotNetZip\Unity.VisualScripting.IonicZip.dll
Native extension for WindowsStandalone target not found
Refreshing native plugins compatible for Editor in 0.56 ms, found 3 plugins.
Preloading 0 native plugins for Editor in 0.00 ms.
Mono: successfully reloaded assembly
- Completed reload, in  2.867 seconds
Domain Reload Profiling:
	ReloadAssembly (2868ms)
		BeginReloadAssembly (94ms)
			ExecutionOrderSort (0ms)
			DisableScriptedObjects (4ms)
			BackupInstance (0ms)
			ReleaseScriptingObjects (0ms)
			CreateAndSetChildDomain (18ms)
		EndReloadAssembly (2670ms)
			LoadAssemblies (64ms)
			RebuildTransferFunctionScriptingTraits (0ms)
			SetupTypeCache (228ms)
				TypeCache.Initialize (225ms)
					TypeCache.ScanAssembly (221ms)
				ResolveRequiredComponents (3ms)
			ReleaseScriptCaches (1ms)
			RebuildScriptCaches (46ms)
			SetupLoadedEditorAssemblies (2281ms)
				LogAssemblyErrors (0ms)
				InitializePlatformSupportModulesInManaged (4ms)
				SetLoadedEditorAssemblies (6ms)
				RefreshPlugins (1ms)
				BeforeProcessingInitializeOnLoad (64ms)
				ProcessInitializeOnLoadAttributes (197ms)
				ProcessInitializeOnLoadMethodAttributes (2005ms)
				AfterProcessingInitializeOnLoad (4ms)
				EditorAssembliesLoaded (0ms)
			ExecutionOrderSort2 (0ms)
			AwakeInstancesAfterBackupRestoration (7ms)
Platform modules already initialized, skipping
========================================================================
Worker process is ready to serve import requests
Launched and connected shader compiler UnityShaderCompiler.exe after 0.10 seconds
Refreshing native plugins compatible for Editor in 0.44 ms, found 3 plugins.
Preloading 0 native plugins for Editor in 0.00 ms.
Unloading 3371 Unused Serialized files (Serialized files now loaded: 0)
Unloading 26 unused Assets / (58.3 KB). Loaded Objects now: 3832.
Memory consumption went from 0.50 GB to 0.50 GB.
Total: 2.858400 ms (FindLiveObjects: 0.304500 ms CreateObjectMapping: 0.112000 ms MarkObjects: 2.365500 ms  DeleteObjects: 0.075200 ms)

AssetImportParameters requested are different than current active one (requested -> active):
  custom:video-decoder-ogg-theora: a1e56fd34408186e4bbccfd4996cb3dc -> 
  custom:container-muxer-webm: aa71ff27fc2769a1b78a27578f13a17b -> 
  custom:container-demuxer-webm: 4f35f7cbe854078d1ac9338744f61a02 -> 
  custom:video-encoder-webm-vp8: eb34c28f22e8b96e1ab97ce403110664 -> 
  custom:video-codec-MediaFoundation-h265: 746d11721c4dcdbdad8f713fa42b33f4 -> 
  custom:audio-encoder-webm-vorbis: bf7c407c2cedff20999df2af8eb42d56 -> 
  custom:framework-win-MediaFoundation: 216162199b28c13a410421893ffa2e32 -> 
  custom:container-demuxer-ogg: 62fdf1f143b41e24485cea50d1cbac27 -> 
  custom:video-decoder-webm-vp8: 9c59270c3fd7afecdb556c50c9e8de78 -> 
  custom:audio-decoder-ogg-vorbis: bf7c407c2cedff20999df2af8eb42d56 -> 
========================================================================
Received Import Request.
  Time since last request: 324499.775364 seconds.
  path: Assets/AWP/Scope/Scope.png
  artifactKey: Guid(8b5bacecd5836464abf16f442d17adad) Importer(815301076,1909f56bfc062723c751e8b465ee728b)
Start importing Assets/AWP/Scope/Scope.png using Guid(8b5bacecd5836464abf16f442d17adad) Importer(815301076,1909f56bfc062723c751e8b465ee728b)  -> (artifact id: 'da1514665296c916c24dea9270cdd926') in 0.286298 seconds 
========================================================================
Received Import Request.
  Time since last request: 123.060682 seconds.
  path: Assets/AWP/Models/AWP/New Animator Controller.controller
  artifactKey: Guid(e93f04cbbd9af9f42a9e955d9a10507d) Importer(815301076,1909f56bfc062723c751e8b465ee728b)
Start importing Assets/AWP/Models/AWP/New Animator Controller.controller using Guid(e93f04cbbd9af9f42a9e955d9a10507d) Importer(815301076,1909f56bfc062723c751e8b465ee728b)  -> (artifact id: '2ac2ceaedf68988cf3fe089c94939a00') in 0.018725 seconds 
========================================================================
Received Import Request.
  Time since last request: 13.777935 seconds.
  path: Assets/AWP/Models/AWP/Reload.anim
  artifactKey: Guid(9e45492a7b592114c903f5ce10100661) Importer(815301076,1909f56bfc062723c751e8b465ee728b)
Start importing Assets/AWP/Models/AWP/Reload.anim using Guid(9e45492a7b592114c903f5ce10100661) Importer(815301076,1909f56bfc062723c751e8b465ee728b)  -> (artifact id: '349247fa004facff7e22a02ea5ef9065') in 0.014630 seconds 
========================================================================
Received Import Request.
  Time since last request: 15.979995 seconds.
  path: Assets/AWP/Models/AWP/AWP.controller
  artifactKey: Guid(7c81e3229643ab1408ed7b3579733841) Importer(815301076,1909f56bfc062723c751e8b465ee728b)
Start importing Assets/AWP/Models/AWP/AWP.controller using Guid(7c81e3229643ab1408ed7b3579733841) Importer(815301076,1909f56bfc062723c751e8b465ee728b)  -> (artifact id: 'd9f4dffeaf255fb33d9f17a3185d9995') in 0.020917 seconds 
========================================================================
Received Import Request.
  Time since last request: 51.252707 seconds.
  path: Assets/AWP/Models/AWP/Idle.anim
  artifactKey: Guid(ad17b6fb2ca952243b57e6d29c2da2c9) Importer(815301076,1909f56bfc062723c751e8b465ee728b)
Start importing Assets/AWP/Models/AWP/Idle.anim using Guid(ad17b6fb2ca952243b57e6d29c2da2c9) Importer(815301076,1909f56bfc062723c751e8b465ee728b)  -> (artifact id: '352b249c794fd29bbf0127c0511b4cfb') in 0.022452 seconds 
========================================================================
Received Prepare
Registering precompiled user dll's ...
Registered in 0.006231 seconds.
Begin MonoManager ReloadAssembly
Symbol file LoadedFromMemory doesn't match image E:\Docs\Projects\CEG5205_Final_Project\Library\PackageCache\com.unity.visualscripting@1.7.8\Editor\VisualScripting.Core\Dependencies\YamlDotNet\Unity.VisualScripting.YamlDotNet.dll
Symbol file LoadedFromMemory doesn't match image E:\Docs\Projects\CEG5205_Final_Project\Library\PackageCache\com.unity.visualscripting@1.7.8\Editor\VisualScripting.Core\Dependencies\DotNetZip\Unity.VisualScripting.IonicZip.dll
Native extension for WindowsStandalone target not found
Refreshing native plugins compatible for Editor in 0.58 ms, found 3 plugins.
Preloading 0 native plugins for Editor in 0.00 ms.
Mono: successfully reloaded assembly
- Completed reload, in  1.078 seconds
Domain Reload Profiling:
	ReloadAssembly (1080ms)
		BeginReloadAssembly (290ms)
			ExecutionOrderSort (0ms)
			DisableScriptedObjects (17ms)
			BackupInstance (0ms)
			ReleaseScriptingObjects (0ms)
			CreateAndSetChildDomain (119ms)
		EndReloadAssembly (693ms)
			LoadAssemblies (100ms)
			RebuildTransferFunctionScriptingTraits (0ms)
			SetupTypeCache (255ms)
				TypeCache.Initialize (252ms)
					TypeCache.ScanAssembly (244ms)
				ResolveRequiredComponents (3ms)
			ReleaseScriptCaches (1ms)
			RebuildScriptCaches (34ms)
			SetupLoadedEditorAssemblies (283ms)
				LogAssemblyErrors (0ms)
				InitializePlatformSupportModulesInManaged (12ms)
				SetLoadedEditorAssemblies (7ms)
				RefreshPlugins (1ms)
				BeforeProcessingInitializeOnLoad (54ms)
				ProcessInitializeOnLoadAttributes (182ms)
				ProcessInitializeOnLoadMethodAttributes (22ms)
				AfterProcessingInitializeOnLoad (4ms)
				EditorAssembliesLoaded (0ms)
			ExecutionOrderSort2 (0ms)
			AwakeInstancesAfterBackupRestoration (8ms)
Platform modules already initialized, skipping
Refreshing native plugins compatible for Editor in 1.54 ms, found 3 plugins.
Preloading 0 native plugins for Editor in 0.00 ms.
Unloading 3414 Unused Serialized files (Serialized files now loaded: 0)
Unloading 19 unused Assets / (25.4 KB). Loaded Objects now: 3892.
Memory consumption went from 0.52 GB to 0.52 GB.
Total: 4.049200 ms (FindLiveObjects: 0.318700 ms CreateObjectMapping: 0.129000 ms MarkObjects: 3.558600 ms  DeleteObjects: 0.039600 ms)

AssetImportParameters requested are different than current active one (requested -> active):
  custom:video-decoder-ogg-theora: a1e56fd34408186e4bbccfd4996cb3dc -> 
  custom:container-muxer-webm: aa71ff27fc2769a1b78a27578f13a17b -> 
  custom:container-demuxer-webm: 4f35f7cbe854078d1ac9338744f61a02 -> 
  custom:video-encoder-webm-vp8: eb34c28f22e8b96e1ab97ce403110664 -> 
  custom:video-codec-MediaFoundation-h265: 746d11721c4dcdbdad8f713fa42b33f4 -> 
  custom:audio-encoder-webm-vorbis: bf7c407c2cedff20999df2af8eb42d56 -> 
  custom:framework-win-MediaFoundation: 216162199b28c13a410421893ffa2e32 -> 
  custom:container-demuxer-ogg: 62fdf1f143b41e24485cea50d1cbac27 -> 
  custom:video-decoder-webm-vp8: 9c59270c3fd7afecdb556c50c9e8de78 -> 
  custom:audio-decoder-ogg-vorbis: bf7c407c2cedff20999df2af8eb42d56 -> 
========================================================================
Received Import Request.
  Time since last request: 9734.156806 seconds.
  path: Assets/Kinemation/FPSFramework/README.pdf
  artifactKey: Guid(4f8c9c5aa7058ad4fb994b0fc39e6933) Importer(815301076,1909f56bfc062723c751e8b465ee728b)
Start importing Assets/Kinemation/FPSFramework/README.pdf using Guid(4f8c9c5aa7058ad4fb994b0fc39e6933) Importer(815301076,1909f56bfc062723c751e8b465ee728b)  -> (artifact id: '8ed304b65f190fc136cbfe70b6081a4b') in 0.027492 seconds 
========================================================================
Received Prepare
Registering precompiled user dll's ...
Registered in 0.007899 seconds.
Begin MonoManager ReloadAssembly
Symbol file LoadedFromMemory doesn't match image E:\Docs\Projects\CEG5205_Final_Project\Library\PackageCache\com.unity.visualscripting@1.7.8\Editor\VisualScripting.Core\Dependencies\YamlDotNet\Unity.VisualScripting.YamlDotNet.dll
Symbol file LoadedFromMemory doesn't match image E:\Docs\Projects\CEG5205_Final_Project\Library\PackageCache\com.unity.visualscripting@1.7.8\Editor\VisualScripting.Core\Dependencies\DotNetZip\Unity.VisualScripting.IonicZip.dll
Native extension for WindowsStandalone target not found
Refreshing native plugins compatible for Editor in 0.83 ms, found 3 plugins.
Preloading 0 native plugins for Editor in 0.00 ms.
Mono: successfully reloaded assembly
- Completed reload, in  1.210 seconds
Domain Reload Profiling:
	ReloadAssembly (1210ms)
		BeginReloadAssembly (178ms)
			ExecutionOrderSort (0ms)
			DisableScriptedObjects (7ms)
			BackupInstance (0ms)
			ReleaseScriptingObjects (0ms)
			CreateAndSetChildDomain (49ms)
		EndReloadAssembly (925ms)
			LoadAssemblies (114ms)
			RebuildTransferFunctionScriptingTraits (0ms)
			SetupTypeCache (295ms)
				TypeCache.Initialize (289ms)
					TypeCache.ScanAssembly (283ms)
				ResolveRequiredComponents (7ms)
			ReleaseScriptCaches (1ms)
			RebuildScriptCaches (54ms)
			SetupLoadedEditorAssemblies (409ms)
				LogAssemblyErrors (0ms)
				InitializePlatformSupportModulesInManaged (14ms)
				SetLoadedEditorAssemblies (8ms)
				RefreshPlugins (1ms)
				BeforeProcessingInitializeOnLoad (80ms)
				ProcessInitializeOnLoadAttributes (263ms)
				ProcessInitializeOnLoadMethodAttributes (35ms)
				AfterProcessingInitializeOnLoad (7ms)
				EditorAssembliesLoaded (0ms)
			ExecutionOrderSort2 (0ms)
			AwakeInstancesAfterBackupRestoration (10ms)
Platform modules already initialized, skipping
Refreshing native plugins compatible for Editor in 2.63 ms, found 3 plugins.
Preloading 0 native plugins for Editor in 0.00 ms.
Unloading 3421 Unused Serialized files (Serialized files now loaded: 0)
Unloading 19 unused Assets / (25.4 KB). Loaded Objects now: 3902.
Memory consumption went from 0.52 GB to 0.52 GB.
Total: 3.160000 ms (FindLiveObjects: 0.261100 ms CreateObjectMapping: 0.106800 ms MarkObjects: 2.679500 ms  DeleteObjects: 0.110500 ms)

AssetImportParameters requested are different than current active one (requested -> active):
  custom:video-decoder-ogg-theora: a1e56fd34408186e4bbccfd4996cb3dc -> 
  custom:container-muxer-webm: aa71ff27fc2769a1b78a27578f13a17b -> 
  custom:container-demuxer-webm: 4f35f7cbe854078d1ac9338744f61a02 -> 
  custom:video-encoder-webm-vp8: eb34c28f22e8b96e1ab97ce403110664 -> 
  custom:video-codec-MediaFoundation-h265: 746d11721c4dcdbdad8f713fa42b33f4 -> 
  custom:audio-encoder-webm-vorbis: bf7c407c2cedff20999df2af8eb42d56 -> 
  custom:framework-win-MediaFoundation: 216162199b28c13a410421893ffa2e32 -> 
  custom:container-demuxer-ogg: 62fdf1f143b41e24485cea50d1cbac27 -> 
  custom:video-decoder-webm-vp8: 9c59270c3fd7afecdb556c50c9e8de78 -> 
  custom:audio-decoder-ogg-vorbis: bf7c407c2cedff20999df2af8eb42d56 -> 
========================================================================
Received Import Request.
  Time since last request: 273.370051 seconds.
  path: Assets/Demo/README.pdf
  artifactKey: Guid(983bdb38866a025409b5959878dbce11) Importer(815301076,1909f56bfc062723c751e8b465ee728b)
Start importing Assets/Demo/README.pdf using Guid(983bdb38866a025409b5959878dbce11) Importer(815301076,1909f56bfc062723c751e8b465ee728b)  -> (artifact id: '86377e87b71ae764824546b9b3832491') in 0.016938 seconds 
========================================================================
Received Import Request.
  Time since last request: 14.979336 seconds.
  path: Assets/Demo/DataAssets/BaseBlendAsset.asset
  artifactKey: Guid(3425d5fab3ee2324794ed127476a9f07) Importer(815301076,1909f56bfc062723c751e8b465ee728b)
Start importing Assets/Demo/DataAssets/BaseBlendAsset.asset using Guid(3425d5fab3ee2324794ed127476a9f07) Importer(815301076,1909f56bfc062723c751e8b465ee728b)  -> (artifact id: '04bd62ab4dac030d4be6817ef4d11565') in 0.033038 seconds 
========================================================================
Received Import Request.
  Time since last request: 0.001922 seconds.
  path: Assets/Demo/DataAssets/MovementSettings.asset
  artifactKey: Guid(7d33a2d0b337ad54e8d85db297de9b26) Importer(815301076,1909f56bfc062723c751e8b465ee728b)
Start importing Assets/Demo/DataAssets/MovementSettings.asset using Guid(7d33a2d0b337ad54e8d85db297de9b26) Importer(815301076,1909f56bfc062723c751e8b465ee728b)  -> (artifact id: '41a7bc48811b42dfc2273aa9284150d5') in 0.016322 seconds 
========================================================================
Received Import Request.
  Time since last request: 0.000029 seconds.
  path: Assets/Demo/DataAssets/CameraData.asset
  artifactKey: Guid(b654eede1a140da469e3545ffaaa3754) Importer(815301076,1909f56bfc062723c751e8b465ee728b)
Start importing Assets/Demo/DataAssets/CameraData.asset using Guid(b654eede1a140da469e3545ffaaa3754) Importer(815301076,1909f56bfc062723c751e8b465ee728b)  -> (artifact id: '90475efe443cb0a97c0228874f3e3cf7') in 0.010535 seconds 
========================================================================
Received Import Request.
  Time since last request: 0.000025 seconds.
  path: Assets/Demo/DataAssets/SampleCameraShake.asset
  artifactKey: Guid(ce574d2150fc1f540a612314d3d6662e) Importer(815301076,1909f56bfc062723c751e8b465ee728b)
Start importing Assets/Demo/DataAssets/SampleCameraShake.asset using Guid(ce574d2150fc1f540a612314d3d6662e) Importer(815301076,1909f56bfc062723c751e8b465ee728b)  -> (artifact id: '9ce1e027aa297cee0ad6b2e0dd2994bc') in 0.014470 seconds 
========================================================================
Received Import Request.
  Time since last request: 4.548605 seconds.
  path: Assets/Demo/DataAssets/WeaponAnimAssets
  artifactKey: Guid(27221fac270b28c40ac2803c55f3da23) Importer(815301076,1909f56bfc062723c751e8b465ee728b)
Start importing Assets/Demo/DataAssets/WeaponAnimAssets using Guid(27221fac270b28c40ac2803c55f3da23) Importer(815301076,1909f56bfc062723c751e8b465ee728b)  -> (artifact id: '77d898ea17533054eb9fef7484988c67') in 0.011062 seconds 
========================================================================
Received Import Request.
  Time since last request: 1.494080 seconds.
  path: Assets/Demo/DataAssets/RecoilData
  artifactKey: Guid(32abe42fca0c55244b29584c50e5a28a) Importer(815301076,1909f56bfc062723c751e8b465ee728b)
Start importing Assets/Demo/DataAssets/RecoilData using Guid(32abe42fca0c55244b29584c50e5a28a) Importer(815301076,1909f56bfc062723c751e8b465ee728b)  -> (artifact id: '62431f134b6d7fbc826f8146334250e2') in 0.013479 seconds 
========================================================================
Received Import Request.
  Time since last request: 1.683181 seconds.
  path: Assets/Demo/DataAssets/IKAnimations
  artifactKey: Guid(205d88f2e6afccb4598737f754951048) Importer(815301076,1909f56bfc062723c751e8b465ee728b)
Start importing Assets/Demo/DataAssets/IKAnimations using Guid(205d88f2e6afccb4598737f754951048) Importer(815301076,1909f56bfc062723c751e8b465ee728b)  -> (artifact id: '3ff9cb091a5c006b739dd06a7b9ab451') in 0.017600 seconds 
========================================================================
Received Import Request.
  Time since last request: 0.577765 seconds.
  path: Assets/Demo/DataAssets/RecoilData/AK74M_RecoilData.asset
  artifactKey: Guid(b0d912a5cd6b9864c87bd779c079da50) Importer(815301076,1909f56bfc062723c751e8b465ee728b)
Start importing Assets/Demo/DataAssets/RecoilData/AK74M_RecoilData.asset using Guid(b0d912a5cd6b9864c87bd779c079da50) Importer(815301076,1909f56bfc062723c751e8b465ee728b)  -> (artifact id: '8125c797af343e377426d00ee0b64418') in 0.014464 seconds 
========================================================================
Received Import Request.
  Time since last request: 0.000031 seconds.
  path: Assets/Demo/DataAssets/RecoilData/M16A4_RecoilData.asset
  artifactKey: Guid(701f03450b087154cb4b65151dff9f83) Importer(815301076,1909f56bfc062723c751e8b465ee728b)
Start importing Assets/Demo/DataAssets/RecoilData/M16A4_RecoilData.asset using Guid(701f03450b087154cb4b65151dff9f83) Importer(815301076,1909f56bfc062723c751e8b465ee728b)  -> (artifact id: 'a6a630ca324873b8727669697f651df9') in 0.013227 seconds 
========================================================================
Received Import Request.
  Time since last request: 15.171957 seconds.
  path: Assets/Demo/DataAssets/WeaponAnimAssets/WAA_AK12.asset
  artifactKey: Guid(1de2cb98bc552124eb8e8d7b82ba9cc9) Importer(815301076,1909f56bfc062723c751e8b465ee728b)
Start importing Assets/Demo/DataAssets/WeaponAnimAssets/WAA_AK12.asset using Guid(1de2cb98bc552124eb8e8d7b82ba9cc9) Importer(815301076,1909f56bfc062723c751e8b465ee728b)  -> (artifact id: 'b018835711843bbe793553b66edcd76b') in 0.025441 seconds 
========================================================================
Received Import Request.
  Time since last request: 0.000025 seconds.
  path: Assets/Demo/DataAssets/WeaponAnimAssets/WAA_Knife.asset
  artifactKey: Guid(d87c73cae74973643a4b5a05d8a7c37c) Importer(815301076,1909f56bfc062723c751e8b465ee728b)
Start importing Assets/Demo/DataAssets/WeaponAnimAssets/WAA_Knife.asset using Guid(d87c73cae74973643a4b5a05d8a7c37c) Importer(815301076,1909f56bfc062723c751e8b465ee728b)  -> (artifact id: '48291fff96a236ab5922bea84b3f77d8') in 0.015014 seconds 
========================================================================
Received Import Request.
  Time since last request: 0.000018 seconds.
  path: Assets/Demo/DataAssets/WeaponAnimAssets/WAA_HumanoidGeneral.asset
  artifactKey: Guid(ca2df1f87655b4e41881484b1b11c021) Importer(815301076,1909f56bfc062723c751e8b465ee728b)
Start importing Assets/Demo/DataAssets/WeaponAnimAssets/WAA_HumanoidGeneral.asset using Guid(ca2df1f87655b4e41881484b1b11c021) Importer(815301076,1909f56bfc062723c751e8b465ee728b)  -> (artifact id: 'b53d9e79a4f6200880fac71e4f1093ff') in 0.012894 seconds 
========================================================================
Received Import Request.
  Time since last request: 0.000103 seconds.
  path: Assets/Demo/DataAssets/WeaponAnimAssets/WAA_Mk23Mod0.asset
  artifactKey: Guid(b479c727365835b47911b938ef833fb6) Importer(815301076,1909f56bfc062723c751e8b465ee728b)
Start importing Assets/Demo/DataAssets/WeaponAnimAssets/WAA_Mk23Mod0.asset using Guid(b479c727365835b47911b938ef833fb6) Importer(815301076,1909f56bfc062723c751e8b465ee728b)  -> (artifact id: '7ca238394df5d1049a83a44121db004a') in 0.020865 seconds 
========================================================================
Received Import Request.
  Time since last request: 29.227896 seconds.
  path: Assets/Demo/DataAssets/AimOffsets/AO_Pistol.asset
  artifactKey: Guid(052241ee40ded7e449d93b8dc8023f3d) Importer(815301076,1909f56bfc062723c751e8b465ee728b)
Start importing Assets/Demo/DataAssets/AimOffsets/AO_Pistol.asset using Guid(052241ee40ded7e449d93b8dc8023f3d) Importer(815301076,1909f56bfc062723c751e8b465ee728b)  -> (artifact id: '6daa080a0aa4b121f843d0cc3c826dbd') in 0.019503 seconds 
========================================================================
Received Import Request.
  Time since last request: 15.571498 seconds.
  path: Assets/Demo/Character/Materials/M_Armature_Arms.mat
  artifactKey: Guid(766fd3ff04aab4745a764d33daac86fa) Importer(815301076,1909f56bfc062723c751e8b465ee728b)
Start importing Assets/Demo/Character/Materials/M_Armature_Arms.mat using Guid(766fd3ff04aab4745a764d33daac86fa) Importer(815301076,1909f56bfc062723c751e8b465ee728b)  -> (artifact id: '94740a95811bf7cbe2ec5abb87f2de47') in 0.209932 seconds 
========================================================================
Received Import Request.
  Time since last request: 1.262600 seconds.
  path: Assets/Demo/Character/Animations/IKRigAnimator_Humanoid.controller
  artifactKey: Guid(70b165214a68c65428af65a49a82895b) Importer(815301076,1909f56bfc062723c751e8b465ee728b)
Start importing Assets/Demo/Character/Animations/IKRigAnimator_Humanoid.controller using Guid(70b165214a68c65428af65a49a82895b) Importer(815301076,1909f56bfc062723c751e8b465ee728b)  -> (artifact id: '353ba437793ad608d24d076828a49ed2') in 0.115844 seconds 
========================================================================
Received Import Request.
  Time since last request: 1.283972 seconds.
  path: Assets/Demo/Character/Animations/IKRigAnimator_Generic.controller
  artifactKey: Guid(b09d8a0688c5abe42998a0987f3f1210) Importer(815301076,1909f56bfc062723c751e8b465ee728b)
Start importing Assets/Demo/Character/Animations/IKRigAnimator_Generic.controller using Guid(b09d8a0688c5abe42998a0987f3f1210) Importer(815301076,1909f56bfc062723c751e8b465ee728b)  -> (artifact id: 'a83272598c096d3fc55dd268ce300382') in 1.274538 seconds 
========================================================================
Received Import Request.
  Time since last request: 23.885734 seconds.
  path: Assets/Demo/Character/Mesh/IKRig.fbx
  artifactKey: Guid(520bdcb9403d2e54783251767c69f5b3) Importer(815301076,1909f56bfc062723c751e8b465ee728b)
Start importing Assets/Demo/Character/Mesh/IKRig.fbx using Guid(520bdcb9403d2e54783251767c69f5b3) Importer(815301076,1909f56bfc062723c751e8b465ee728b)  -> (artifact id: 'c69ce54e8f984b11b6093a6e2d46c544') in 0.359053 seconds 
========================================================================
Received Import Request.
  Time since last request: 4.893436 seconds.
  path: Assets/Demo/Prefabs
  artifactKey: Guid(2f2654840e67d2445bdaac03d1424657) Importer(815301076,1909f56bfc062723c751e8b465ee728b)
Start importing Assets/Demo/Prefabs using Guid(2f2654840e67d2445bdaac03d1424657) Importer(815301076,1909f56bfc062723c751e8b465ee728b)  -> (artifact id: '2d7e023771c64e5ec12c8ce13a95c024') in 0.023820 seconds 
========================================================================
Received Import Request.
  Time since last request: 2.970685 seconds.
  path: Assets/Demo/Prefabs/Humanoid
  artifactKey: Guid(a9f6dd54dac278a48b08c6af9dd9b81e) Importer(815301076,1909f56bfc062723c751e8b465ee728b)
Start importing Assets/Demo/Prefabs/Humanoid using Guid(a9f6dd54dac278a48b08c6af9dd9b81e) Importer(815301076,1909f56bfc062723c751e8b465ee728b)  -> (artifact id: '08b8f1e6fcab4a52ec9dfbd2af4f7ce6') in 0.009959 seconds 
========================================================================
Received Import Request.
  Time since last request: 0.055916 seconds.
  path: Assets/Demo/Prefabs/Humanoid/AK-203.prefab
  artifactKey: Guid(0fea6d667ca57724f97d5e419d00cbac) Importer(815301076,1909f56bfc062723c751e8b465ee728b)
Start importing Assets/Demo/Prefabs/Humanoid/AK-203.prefab using Guid(0fea6d667ca57724f97d5e419d00cbac) Importer(815301076,1909f56bfc062723c751e8b465ee728b)  -> (artifact id: 'eb449e1cefbfd7595ba4933116e09aa5') in 0.061752 seconds 
========================================================================
Received Import Request.
  Time since last request: 2.151243 seconds.
  path: Assets/Demo/Prefabs/Generic
  artifactKey: Guid(7a5628c4504d0ad4caa20bf936869e2c) Importer(815301076,1909f56bfc062723c751e8b465ee728b)
Start importing Assets/Demo/Prefabs/Generic using Guid(7a5628c4504d0ad4caa20bf936869e2c) Importer(815301076,1909f56bfc062723c751e8b465ee728b)  -> (artifact id: 'b9c45e9a093053945eef8c9977dd0ded') in 0.011114 seconds 
========================================================================
Received Import Request.
  Time since last request: 0.062382 seconds.
  path: Assets/Demo/Prefabs/Generic/AK12.prefab
  artifactKey: Guid(d3283fb22e94e034e9ca74494cc3640d) Importer(815301076,1909f56bfc062723c751e8b465ee728b)
Start importing Assets/Demo/Prefabs/Generic/AK12.prefab using Guid(d3283fb22e94e034e9ca74494cc3640d) Importer(815301076,1909f56bfc062723c751e8b465ee728b)  -> (artifact id: '12839603c231bb9c1dd918e473243c1b') in 0.795071 seconds 
========================================================================
Received Import Request.
  Time since last request: 59.631900 seconds.
  path: Assets/Kinemation/FPSFramework/Editor/FPSAF.Editor.asmdef
  artifactKey: Guid(86fb03b7f8075ba48a23c50658463310) Importer(815301076,1909f56bfc062723c751e8b465ee728b)
Start importing Assets/Kinemation/FPSFramework/Editor/FPSAF.Editor.asmdef using Guid(86fb03b7f8075ba48a23c50658463310) Importer(815301076,1909f56bfc062723c751e8b465ee728b)  -> (artifact id: '44aa1ad9cda02835f3834c0699818834') in 0.014769 seconds 
========================================================================
Received Import Request.
  Time since last request: 68.689145 seconds.
  path: Assets/Demo/DataAssets/IKAnimations/IKAnim_Aim.asset
  artifactKey: Guid(8d4c00b0add69ee479563b13a59805f9) Importer(815301076,1909f56bfc062723c751e8b465ee728b)
Start importing Assets/Demo/DataAssets/IKAnimations/IKAnim_Aim.asset using Guid(8d4c00b0add69ee479563b13a59805f9) Importer(815301076,1909f56bfc062723c751e8b465ee728b)  -> (artifact id: '89add2f1672a6010af45f92ff534dea5') in 0.016522 seconds 
========================================================================
Received Import Request.
  Time since last request: 0.000022 seconds.
  path: Assets/Demo/DataAssets/IKAnimations/IKAnim_Uncrouch.asset
  artifactKey: Guid(2201ebb031bed8249a648b1e4a66b39d) Importer(815301076,1909f56bfc062723c751e8b465ee728b)
Start importing Assets/Demo/DataAssets/IKAnimations/IKAnim_Uncrouch.asset using Guid(2201ebb031bed8249a648b1e4a66b39d) Importer(815301076,1909f56bfc062723c751e8b465ee728b)  -> (artifact id: 'c6574c037a2ea8f2b67c742eb0571782') in 0.021016 seconds 
========================================================================
Received Import Request.
  Time since last request: 0.000022 seconds.
  path: Assets/Demo/DataAssets/IKAnimations/IKAnim_Jump.asset
  artifactKey: Guid(3802f713565b150488506dd04aa04ea2) Importer(815301076,1909f56bfc062723c751e8b465ee728b)
Start importing Assets/Demo/DataAssets/IKAnimations/IKAnim_Jump.asset using Guid(3802f713565b150488506dd04aa04ea2) Importer(815301076,1909f56bfc062723c751e8b465ee728b)  -> (artifact id: 'ecc730bba7d97ef661bd12681ec9cd6b') in 0.011934 seconds 
========================================================================
Received Import Request.
  Time since last request: 327.584888 seconds.
  path: Assets/Demo/Character
  artifactKey: Guid(b01f8125d3aeb4c419667ae4ccb5566e) Importer(815301076,1909f56bfc062723c751e8b465ee728b)
Start importing Assets/Demo/Character using Guid(b01f8125d3aeb4c419667ae4ccb5566e) Importer(815301076,1909f56bfc062723c751e8b465ee728b)  -> (artifact id: 'd6c3204d78621df32d39223eeabc1213') in 0.020763 seconds 
========================================================================
Received Import Request.
  Time since last request: 75.663574 seconds.
  path: Assets/Kinemation
  artifactKey: Guid(e5ea475805695604c91de309dd5bd04c) Importer(815301076,1909f56bfc062723c751e8b465ee728b)
Start importing Assets/Kinemation using Guid(e5ea475805695604c91de309dd5bd04c) Importer(815301076,1909f56bfc062723c751e8b465ee728b)  -> (artifact id: 'd46b64fef0dc8d26246e0234afae528a') in 0.013272 seconds 
========================================================================
Received Import Request.
  Time since last request: 64.970932 seconds.
  path: Assets
  artifactKey: Guid(00000000000000001000000000000000) Importer(815301076,1909f56bfc062723c751e8b465ee728b)
Start importing Assets using Guid(00000000000000001000000000000000) Importer(815301076,1909f56bfc062723c751e8b465ee728b)  -> (artifact id: '6e8165099f8bfd50797b2ebe9f8b211b') in 0.009404 seconds 
========================================================================
Received Import Request.
  Time since last request: 189.681399 seconds.
  path: Assets/Demo/Character/Animations/Curve
  artifactKey: Guid(099091ec0e7a03d47a032911157c7edc) Importer(815301076,1909f56bfc062723c751e8b465ee728b)
Start importing Assets/Demo/Character/Animations/Curve using Guid(099091ec0e7a03d47a032911157c7edc) Importer(815301076,1909f56bfc062723c751e8b465ee728b)  -> (artifact id: 'e7f8798439be182ea66d0b4a1fcfbf08') in 0.012419 seconds 
========================================================================
Received Import Request.
  Time since last request: 0.042833 seconds.
  path: Assets/Demo/Character/Animations/Curve/C_Curve_Rifle_Equip.fbx
  artifactKey: Guid(c7668368552f7844390d3f20440eda0d) Importer(815301076,1909f56bfc062723c751e8b465ee728b)
Start importing Assets/Demo/Character/Animations/Curve/C_Curve_Rifle_Equip.fbx using Guid(c7668368552f7844390d3f20440eda0d) Importer(815301076,1909f56bfc062723c751e8b465ee728b)  -> (artifact id: '774785820a9647779a6f77ff06586673') in 0.058356 seconds 
========================================================================
Received Import Request.
  Time since last request: 0.000025 seconds.
  path: Assets/Demo/Character/Animations/Curve/C_CurveRun.fbx
  artifactKey: Guid(26dcc334f25321348ade96d1e9989bd0) Importer(815301076,1909f56bfc062723c751e8b465ee728b)
Start importing Assets/Demo/Character/Animations/Curve/C_CurveRun.fbx using Guid(26dcc334f25321348ade96d1e9989bd0) Importer(815301076,1909f56bfc062723c751e8b465ee728b)  -> (artifact id: '13bcf92610f9309024217e100c26535d') in 0.051326 seconds 
========================================================================
Received Import Request.
  Time since last request: 95.867610 seconds.
  path: Assets/Demo/Character/Animations/Generic/C_TPose_Generic.fbx
  artifactKey: Guid(83ba7afddb13a844d89df29eced45681) Importer(815301076,1909f56bfc062723c751e8b465ee728b)
Start importing Assets/Demo/Character/Animations/Generic/C_TPose_Generic.fbx using Guid(83ba7afddb13a844d89df29eced45681) Importer(815301076,1909f56bfc062723c751e8b465ee728b)  -> (artifact id: 'a65b0ef3404a79aeb9aea6e1afa3c302') in 0.194757 seconds 
========================================================================
Received Import Request.
  Time since last request: 3.680063 seconds.
  path: Assets/Demo/Character/Animations/Masks/CurveMask.mask
  artifactKey: Guid(094fb293a88eb88488518e5ceb5925e2) Importer(815301076,1909f56bfc062723c751e8b465ee728b)
Start importing Assets/Demo/Character/Animations/Masks/CurveMask.mask using Guid(094fb293a88eb88488518e5ceb5925e2) Importer(815301076,1909f56bfc062723c751e8b465ee728b)  -> (artifact id: '292f3cf6e43fd389094ff30207a942e8') in 0.016238 seconds 
========================================================================
Received Import Request.
  Time since last request: 0.000029 seconds.
  path: Assets/Demo/Character/Animations/Masks/LeftArmMask.mask
  artifactKey: Guid(682d359e285d23a409d85ef0a534d4c9) Importer(815301076,1909f56bfc062723c751e8b465ee728b)
Start importing Assets/Demo/Character/Animations/Masks/LeftArmMask.mask using Guid(682d359e285d23a409d85ef0a534d4c9) Importer(815301076,1909f56bfc062723c751e8b465ee728b)  -> (artifact id: 'c9f97ccf36e6b13398e9cff1293433f9') in 0.011648 seconds 
========================================================================
Received Import Request.
  Time since last request: 0.000027 seconds.
  path: Assets/Demo/Character/Animations/Masks/HeadArmsMask.mask
  artifactKey: Guid(db2e87d22a8c6f540ab60d5e175044e5) Importer(815301076,1909f56bfc062723c751e8b465ee728b)
Start importing Assets/Demo/Character/Animations/Masks/HeadArmsMask.mask using Guid(db2e87d22a8c6f540ab60d5e175044e5) Importer(815301076,1909f56bfc062723c751e8b465ee728b)  -> (artifact id: 'eefe028c276e0dbeb7033f3f4c0c5c64') in 0.011248 seconds 
========================================================================
Received Import Request.
  Time since last request: 0.000022 seconds.
  path: Assets/Demo/Character/Animations/Masks/PoseBlendMask.mask
  artifactKey: Guid(9186507ea207ec64e98c6192126b0315) Importer(815301076,1909f56bfc062723c751e8b465ee728b)
Start importing Assets/Demo/Character/Animations/Masks/PoseBlendMask.mask using Guid(9186507ea207ec64e98c6192126b0315) Importer(815301076,1909f56bfc062723c751e8b465ee728b)  -> (artifact id: 'a76a04eb5275bfe2f63da79a2e817fd6') in 0.013750 seconds 
========================================================================
Received Import Request.
  Time since last request: 0.000020 seconds.
  path: Assets/Demo/Character/Animations/Masks/RightArmMask.mask
  artifactKey: Guid(648194793491e37499658c8a689aa34c) Importer(815301076,1909f56bfc062723c751e8b465ee728b)
Start importing Assets/Demo/Character/Animations/Masks/RightArmMask.mask using Guid(648194793491e37499658c8a689aa34c) Importer(815301076,1909f56bfc062723c751e8b465ee728b)  -> (artifact id: '7ffe3f59e9c61d3d9baa001778b4a93d') in 0.012552 seconds 
========================================================================
Received Import Request.
  Time since last request: 7.925451 seconds.
  path: Assets/Demo/Items/AK12/AK12_Animator.overrideController
  artifactKey: Guid(a53290fbbaa0ab2428e7bb6cd9b3ee41) Importer(815301076,1909f56bfc062723c751e8b465ee728b)
Start importing Assets/Demo/Items/AK12/AK12_Animator.overrideController using Guid(a53290fbbaa0ab2428e7bb6cd9b3ee41) Importer(815301076,1909f56bfc062723c751e8b465ee728b)  -> (artifact id: 'e0c4ca74c67b4c591a62f9622b3766b8') in 0.048333 seconds 
========================================================================
Received Import Request.
  Time since last request: 4.496800 seconds.
  path: Assets/Demo/Prefabs/Generic/PlayerCharacter.prefab
  artifactKey: Guid(b448f465ad1fc5f41b23d67739d4f3cc) Importer(815301076,1909f56bfc062723c751e8b465ee728b)
Start importing Assets/Demo/Prefabs/Generic/PlayerCharacter.prefab using Guid(b448f465ad1fc5f41b23d67739d4f3cc) Importer(815301076,1909f56bfc062723c751e8b465ee728b)  -> (artifact id: 'd7f2595665feaa0e5ec9b139705c090b') in 3.920303 seconds 
========================================================================
Received Prepare
Registering precompiled user dll's ...
Registered in 0.019229 seconds.
Begin MonoManager ReloadAssembly
Symbol file LoadedFromMemory doesn't match image E:\Docs\Projects\CEG5205_Final_Project\Library\PackageCache\com.unity.visualscripting@1.7.8\Editor\VisualScripting.Core\Dependencies\YamlDotNet\Unity.VisualScripting.YamlDotNet.dll
Symbol file LoadedFromMemory doesn't match image E:\Docs\Projects\CEG5205_Final_Project\Library\PackageCache\com.unity.visualscripting@1.7.8\Editor\VisualScripting.Core\Dependencies\DotNetZip\Unity.VisualScripting.IonicZip.dll
Native extension for WindowsStandalone target not found
Refreshing native plugins compatible for Editor in 0.82 ms, found 3 plugins.
Preloading 0 native plugins for Editor in 0.00 ms.
Mono: successfully reloaded assembly
- Completed reload, in  1.445 seconds
Domain Reload Profiling:
	ReloadAssembly (1447ms)
		BeginReloadAssembly (166ms)
			ExecutionOrderSort (0ms)
			DisableScriptedObjects (6ms)
			BackupInstance (0ms)
			ReleaseScriptingObjects (0ms)
			CreateAndSetChildDomain (46ms)
		EndReloadAssembly (1138ms)
			LoadAssemblies (114ms)
			RebuildTransferFunctionScriptingTraits (0ms)
			SetupTypeCache (398ms)
				TypeCache.Initialize (390ms)
					TypeCache.ScanAssembly (383ms)
				ResolveRequiredComponents (8ms)
			ReleaseScriptCaches (1ms)
			RebuildScriptCaches (65ms)
			SetupLoadedEditorAssemblies (478ms)
				LogAssemblyErrors (0ms)
				InitializePlatformSupportModulesInManaged (21ms)
				SetLoadedEditorAssemblies (9ms)
				RefreshPlugins (1ms)
				BeforeProcessingInitializeOnLoad (85ms)
				ProcessInitializeOnLoadAttributes (318ms)
				ProcessInitializeOnLoadMethodAttributes (36ms)
				AfterProcessingInitializeOnLoad (9ms)
				EditorAssembliesLoaded (0ms)
			ExecutionOrderSort2 (0ms)
			AwakeInstancesAfterBackupRestoration (11ms)
Platform modules already initialized, skipping
Refreshing native plugins compatible for Editor in 2.53 ms, found 3 plugins.
Preloading 0 native plugins for Editor in 0.00 ms.
Unloading 3421 Unused Serialized files (Serialized files now loaded: 0)
Unloading 19 unused Assets / (25.4 KB). Loaded Objects now: 3947.
Memory consumption went from 0.52 GB to 0.52 GB.
Total: 3.793000 ms (FindLiveObjects: 0.343800 ms CreateObjectMapping: 0.180500 ms MarkObjects: 3.230300 ms  DeleteObjects: 0.036300 ms)

AssetImportParameters requested are different than current active one (requested -> active):
  custom:video-decoder-ogg-theora: a1e56fd34408186e4bbccfd4996cb3dc -> 
  custom:container-muxer-webm: aa71ff27fc2769a1b78a27578f13a17b -> 
  custom:container-demuxer-webm: 4f35f7cbe854078d1ac9338744f61a02 -> 
  custom:video-encoder-webm-vp8: eb34c28f22e8b96e1ab97ce403110664 -> 
  custom:video-codec-MediaFoundation-h265: 746d11721c4dcdbdad8f713fa42b33f4 -> 
  custom:audio-encoder-webm-vorbis: bf7c407c2cedff20999df2af8eb42d56 -> 
  custom:framework-win-MediaFoundation: 216162199b28c13a410421893ffa2e32 -> 
  custom:container-demuxer-ogg: 62fdf1f143b41e24485cea50d1cbac27 -> 
  custom:video-decoder-webm-vp8: 9c59270c3fd7afecdb556c50c9e8de78 -> 
  custom:audio-decoder-ogg-vorbis: bf7c407c2cedff20999df2af8eb42d56 -> 
========================================================================
Received Import Request.
  Time since last request: 3568.333696 seconds.
  path: Assets/Demo
  artifactKey: Guid(075c4ff524770d34ba894c5e394a524d) Importer(815301076,1909f56bfc062723c751e8b465ee728b)
Start importing Assets/Demo using Guid(075c4ff524770d34ba894c5e394a524d) Importer(815301076,1909f56bfc062723c751e8b465ee728b)  -> (artifact id: '6c4c3d038db7bd2876d7073a4e6ab6d4') in 0.062780 seconds 
