Using pre-set license
Built from 'HEAD' branch; Version is '2022.1.23f1c1 (46637c7592ee) revision 4612988'; Using compiler version '192829333'; Build Type 'Release'
OS: 'Windows 11  (10.0.22621) 64bit CoreCountrySpecific' Language: 'zh' Physical Memory: 16049 MB
BatchMode: 1, IsHumanControllingUs: 0, StartBugReporterOnCrash: 0, Is64bit: 1, IsPro: 1

COMMAND LINE ARGUMENTS:
D:\Unity 2022.1.23f1c1\Editor\Unity.exe
-adb2
-batchMode
-noUpm
-name
AssetImportWorker0
-projectPath
E:/Docs/Projects/CEG5205_Final_Project
-logFile
Logs/AssetImportWorker0.log
-srvPort
4087
Successfully changed project path to: E:/Docs/Projects/CEG5205_Final_Project
E:/Docs/Projects/CEG5205_Final_Project
[UnityMemory] Configuration Parameters - Can be set up in boot.config
    "memorysetup-bucket-allocator-granularity=16"
    "memorysetup-bucket-allocator-bucket-count=8"
    "memorysetup-bucket-allocator-block-size=33554432"
    "memorysetup-bucket-allocator-block-count=8"
    "memorysetup-main-allocator-block-size=16777216"
    "memorysetup-thread-allocator-block-size=16777216"
    "memorysetup-gfx-main-allocator-block-size=16777216"
    "memorysetup-gfx-thread-allocator-block-size=16777216"
    "memorysetup-cache-allocator-block-size=4194304"
    "memorysetup-typetree-allocator-block-size=2097152"
    "memorysetup-profiler-bucket-allocator-granularity=16"
    "memorysetup-profiler-bucket-allocator-bucket-count=8"
    "memorysetup-profiler-bucket-allocator-block-size=33554432"
    "memorysetup-profiler-bucket-allocator-block-count=8"
    "memorysetup-profiler-allocator-block-size=16777216"
    "memorysetup-profiler-editor-allocator-block-size=1048576"
    "memorysetup-temp-allocator-size-main=16777216"
    "memorysetup-job-temp-allocator-block-size=2097152"
    "memorysetup-job-temp-allocator-block-size-background=1048576"
    "memorysetup-job-temp-allocator-reduction-small-platforms=262144"
    "memorysetup-temp-allocator-size-background-worker=32768"
    "memorysetup-temp-allocator-size-job-worker=262144"
    "memorysetup-temp-allocator-size-preload-manager=33554432"
    "memorysetup-temp-allocator-size-nav-mesh-worker=65536"
    "memorysetup-temp-allocator-size-audio-worker=65536"
    "memorysetup-temp-allocator-size-cloud-worker=32768"
    "memorysetup-temp-allocator-size-gi-baking-worker=262144"
    "memorysetup-temp-allocator-size-gfx=262144"
Refreshing native plugins compatible for Editor in 62.40 ms, found 3 plugins.
Preloading 0 native plugins for Editor in 0.00 ms.
Initialize engine version: 2022.1.23f1c1 (46637c7592ee)
[Subsystems] Discovering subsystems at path D:/Unity 2022.1.23f1c1/Editor/Data/Resources/UnitySubsystems
[Subsystems] Discovering subsystems at path E:/Docs/Projects/CEG5205_Final_Project/Assets
GfxDevice: creating device client; threaded=0; jobified=0
Direct3D:
    Version:  Direct3D 11.0 [level 11.1]
    Renderer: NVIDIA GeForce RTX 3050 Ti Laptop GPU (ID=0x25a0)
    Vendor:   NVIDIA
    VRAM:     3976 MB
    Driver:   31.0.15.2878
Initialize mono
Mono path[0] = 'D:/Unity 2022.1.23f1c1/Editor/Data/Managed'
Mono path[1] = 'D:/Unity 2022.1.23f1c1/Editor/Data/MonoBleedingEdge/lib/mono/unityjit-win32'
Mono config path = 'D:/Unity 2022.1.23f1c1/Editor/Data/MonoBleedingEdge/etc'
Using monoOptions --debugger-agent=transport=dt_socket,embedding=1,server=y,suspend=n,address=127.0.0.1:56184
Begin MonoManager ReloadAssembly
Registering precompiled unity dll's ...
Register platform support module: D:/Unity 2022.1.23f1c1/Editor/Data/PlaybackEngines/WindowsStandaloneSupport/UnityEditor.WindowsStandalone.Extensions.dll
Registered in 0.001405 seconds.
Native extension for WindowsStandalone target not found
Refreshing native plugins compatible for Editor in 56.07 ms, found 3 plugins.
Preloading 0 native plugins for Editor in 0.00 ms.
Mono: successfully reloaded assembly
- Completed reload, in  0.543 seconds
Domain Reload Profiling:
	ReloadAssembly (544ms)
		BeginReloadAssembly (64ms)
			ExecutionOrderSort (0ms)
			DisableScriptedObjects (0ms)
			BackupInstance (0ms)
			ReleaseScriptingObjects (0ms)
			CreateAndSetChildDomain (1ms)
		EndReloadAssembly (390ms)
			LoadAssemblies (62ms)
			RebuildTransferFunctionScriptingTraits (0ms)
			SetupTypeCache (104ms)
				TypeCache.Initialize (104ms)
					TypeCache.ScanAssembly (103ms)
				ResolveRequiredComponents (0ms)
			ReleaseScriptCaches (0ms)
			RebuildScriptCaches (24ms)
			SetupLoadedEditorAssemblies (215ms)
				LogAssemblyErrors (0ms)
				InitializePlatformSupportModulesInManaged (6ms)
				SetLoadedEditorAssemblies (7ms)
				RefreshPlugins (56ms)
				BeforeProcessingInitializeOnLoad (1ms)
				ProcessInitializeOnLoadAttributes (109ms)
				ProcessInitializeOnLoadMethodAttributes (36ms)
				AfterProcessingInitializeOnLoad (0ms)
				EditorAssembliesLoaded (0ms)
			ExecutionOrderSort2 (0ms)
			AwakeInstancesAfterBackupRestoration (0ms)
Platform modules already initialized, skipping
Registering precompiled user dll's ...
Registered in 0.005587 seconds.
Begin MonoManager ReloadAssembly
Symbol file LoadedFromMemory doesn't match image E:\Docs\Projects\CEG5205_Final_Project\Library\PackageCache\com.unity.visualscripting@1.7.8\Editor\VisualScripting.Core\Dependencies\YamlDotNet\Unity.VisualScripting.YamlDotNet.dll
Symbol file LoadedFromMemory doesn't match image E:\Docs\Projects\CEG5205_Final_Project\Library\PackageCache\com.unity.visualscripting@1.7.8\Editor\VisualScripting.Core\Dependencies\DotNetZip\Unity.VisualScripting.IonicZip.dll
Native extension for WindowsStandalone target not found
Refreshing native plugins compatible for Editor in 0.44 ms, found 3 plugins.
Preloading 0 native plugins for Editor in 0.00 ms.
Mono: successfully reloaded assembly
- Completed reload, in  0.849 seconds
Domain Reload Profiling:
	ReloadAssembly (850ms)
		BeginReloadAssembly (85ms)
			ExecutionOrderSort (0ms)
			DisableScriptedObjects (4ms)
			BackupInstance (0ms)
			ReleaseScriptingObjects (0ms)
			CreateAndSetChildDomain (16ms)
		EndReloadAssembly (680ms)
			LoadAssemblies (57ms)
			RebuildTransferFunctionScriptingTraits (0ms)
			SetupTypeCache (250ms)
				TypeCache.Initialize (247ms)
					TypeCache.ScanAssembly (244ms)
				ResolveRequiredComponents (3ms)
			ReleaseScriptCaches (0ms)
			RebuildScriptCaches (44ms)
			SetupLoadedEditorAssemblies (278ms)
				LogAssemblyErrors (0ms)
				InitializePlatformSupportModulesInManaged (3ms)
				SetLoadedEditorAssemblies (7ms)
				RefreshPlugins (0ms)
				BeforeProcessingInitializeOnLoad (60ms)
				ProcessInitializeOnLoadAttributes (182ms)
				ProcessInitializeOnLoadMethodAttributes (23ms)
				AfterProcessingInitializeOnLoad (3ms)
				EditorAssembliesLoaded (0ms)
			ExecutionOrderSort2 (0ms)
			AwakeInstancesAfterBackupRestoration (5ms)
Platform modules already initialized, skipping
========================================================================
Worker process is ready to serve import requests
Launched and connected shader compiler UnityShaderCompiler.exe after 0.06 seconds
Refreshing native plugins compatible for Editor in 0.62 ms, found 3 plugins.
Preloading 0 native plugins for Editor in 0.00 ms.
Unloading 3371 Unused Serialized files (Serialized files now loaded: 0)
Unloading 26 unused Assets / (58.2 KB). Loaded Objects now: 3831.
Memory consumption went from 0.50 GB to 0.50 GB.
Total: 2.508500 ms (FindLiveObjects: 0.269400 ms CreateObjectMapping: 0.076100 ms MarkObjects: 2.093400 ms  DeleteObjects: 0.066000 ms)

AssetImportParameters requested are different than current active one (requested -> active):
  custom:video-decoder-ogg-theora: a1e56fd34408186e4bbccfd4996cb3dc -> 
  custom:container-muxer-webm: aa71ff27fc2769a1b78a27578f13a17b -> 
  custom:container-demuxer-webm: 4f35f7cbe854078d1ac9338744f61a02 -> 
  custom:video-encoder-webm-vp8: eb34c28f22e8b96e1ab97ce403110664 -> 
  custom:video-codec-MediaFoundation-h265: 746d11721c4dcdbdad8f713fa42b33f4 -> 
  custom:audio-encoder-webm-vorbis: bf7c407c2cedff20999df2af8eb42d56 -> 
  custom:framework-win-MediaFoundation: 216162199b28c13a410421893ffa2e32 -> 
  custom:container-demuxer-ogg: 62fdf1f143b41e24485cea50d1cbac27 -> 
  custom:video-decoder-webm-vp8: 9c59270c3fd7afecdb556c50c9e8de78 -> 
  custom:audio-decoder-ogg-vorbis: bf7c407c2cedff20999df2af8eb42d56 -> 
========================================================================
Received Import Request.
  Time since last request: 240751.898174 seconds.
  path: Assets/Playground Low Poly/Prefabs
  artifactKey: Guid(ca46991f51b1485469af4dfc35a88f11) Importer(815301076,1909f56bfc062723c751e8b465ee728b)
Start importing Assets/Playground Low Poly/Prefabs using Guid(ca46991f51b1485469af4dfc35a88f11) Importer(815301076,1909f56bfc062723c751e8b465ee728b)  -> (artifact id: '54504316c1a52370925ed500e3d70a80') in 0.009676 seconds 
========================================================================
Received Import Request.
  Time since last request: 0.000021 seconds.
  path: Assets/Playground Low Poly/Maps/Demo.unity
  artifactKey: Guid(b0de0711692b843459ecac0863bcc297) Importer(815301076,1909f56bfc062723c751e8b465ee728b)
Start importing Assets/Playground Low Poly/Maps/Demo.unity using Guid(b0de0711692b843459ecac0863bcc297) Importer(815301076,1909f56bfc062723c751e8b465ee728b)  -> (artifact id: 'b2b2713a85fee6745f7c9e2b898963a7') in 0.010347 seconds 
========================================================================
Received Import Request.
  Time since last request: 503.398959 seconds.
  path: Assets/Playground Low Poly/Maps/DemoSettings.lighting
  artifactKey: Guid(091d0d1026ff46948ab06ba82765c0f3) Importer(815301076,1909f56bfc062723c751e8b465ee728b)
Start importing Assets/Playground Low Poly/Maps/DemoSettings.lighting using Guid(091d0d1026ff46948ab06ba82765c0f3) Importer(815301076,1909f56bfc062723c751e8b465ee728b)  -> (artifact id: '8b6433c892895a03a9b81a6ff91e92d4') in 0.051249 seconds 
========================================================================
Received Import Request.
  Time since last request: 52.236763 seconds.
  path: Assets/ModularFirstPersonController/How To Use.pdf
  artifactKey: Guid(167a5ec0045348e4997182aa0e0fcea2) Importer(815301076,1909f56bfc062723c751e8b465ee728b)
Start importing Assets/ModularFirstPersonController/How To Use.pdf using Guid(167a5ec0045348e4997182aa0e0fcea2) Importer(815301076,1909f56bfc062723c751e8b465ee728b)  -> (artifact id: '180d0a0e3f965704afe71ed034fd18c9') in 0.020652 seconds 
========================================================================
Received Import Request.
  Time since last request: 33.658382 seconds.
  path: Assets/ModularFirstPersonController/FirstPersonController
  artifactKey: Guid(f37b4faf82d1edb47811f804ec33f9da) Importer(815301076,1909f56bfc062723c751e8b465ee728b)
Start importing Assets/ModularFirstPersonController/FirstPersonController using Guid(f37b4faf82d1edb47811f804ec33f9da) Importer(815301076,1909f56bfc062723c751e8b465ee728b)  -> (artifact id: '8263edcc386e56b2784be82dbccb0979') in 0.024039 seconds 
========================================================================
Received Import Request.
  Time since last request: 0.007315 seconds.
  path: Assets/ModularFirstPersonController/FirstPersonController/CircleReticle.png
  artifactKey: Guid(be4ce60e2c9768c44b9b10b9c5258045) Importer(815301076,1909f56bfc062723c751e8b465ee728b)
Start importing Assets/ModularFirstPersonController/FirstPersonController/CircleReticle.png using Guid(be4ce60e2c9768c44b9b10b9c5258045) Importer(815301076,1909f56bfc062723c751e8b465ee728b)  -> (artifact id: '959e86a8638d10bb00b2dffd14e5e22e') in 0.183628 seconds 
========================================================================
Received Import Request.
  Time since last request: 141.778361 seconds.
  path: Assets/AWP/Prefabs
  artifactKey: Guid(7f5005a1e6e875a4595d132dc4658662) Importer(815301076,1909f56bfc062723c751e8b465ee728b)
Start importing Assets/AWP/Prefabs using Guid(7f5005a1e6e875a4595d132dc4658662) Importer(815301076,1909f56bfc062723c751e8b465ee728b)  -> (artifact id: 'c25bb172e4dd2c335afc01b31dcd2b87') in 0.002846 seconds 
========================================================================
Received Import Request.
  Time since last request: 0.050481 seconds.
  path: Assets/AWP/Prefabs/AWP.prefab
  artifactKey: Guid(6f4782715127e0841ae71924b3ec6084) Importer(815301076,1909f56bfc062723c751e8b465ee728b)
Start importing Assets/AWP/Prefabs/AWP.prefab using Guid(6f4782715127e0841ae71924b3ec6084) Importer(815301076,1909f56bfc062723c751e8b465ee728b)  -> (artifact id: '45eee7febcb0f6820c636d609ef887b5') in 0.399157 seconds 
========================================================================
Received Import Request.
  Time since last request: 300.693760 seconds.
  path: Assets/AWP/Models/Tile
  artifactKey: Guid(63986a4499fbbd34aa3e4ac441fee8ba) Importer(815301076,1909f56bfc062723c751e8b465ee728b)
Start importing Assets/AWP/Models/Tile using Guid(63986a4499fbbd34aa3e4ac441fee8ba) Importer(815301076,1909f56bfc062723c751e8b465ee728b)  -> (artifact id: '468045f3009bedb9f7fb4284633eb697') in 0.002147 seconds 
========================================================================
Received Import Request.
  Time since last request: 0.048136 seconds.
  path: Assets/AWP/Models/Tile/Tile.mat
  artifactKey: Guid(c9dcea22df6cd2c4684a18a29a731afa) Importer(815301076,1909f56bfc062723c751e8b465ee728b)
Start importing Assets/AWP/Models/Tile/Tile.mat using Guid(c9dcea22df6cd2c4684a18a29a731afa) Importer(815301076,1909f56bfc062723c751e8b465ee728b)  -> (artifact id: '2fdeaafd39a801be206442e084408282') in 0.172979 seconds 
========================================================================
Received Import Request.
  Time since last request: 1.805379 seconds.
  path: Assets/AWP/Models/AWP
  artifactKey: Guid(2fdd253b0314d2a43bbef8203c2e996e) Importer(815301076,1909f56bfc062723c751e8b465ee728b)
Start importing Assets/AWP/Models/AWP using Guid(2fdd253b0314d2a43bbef8203c2e996e) Importer(815301076,1909f56bfc062723c751e8b465ee728b)  -> (artifact id: '7c4d30b26e68b320de04313dd2c5a2a9') in 0.001744 seconds 
========================================================================
Received Import Request.
  Time since last request: 0.052318 seconds.
  path: Assets/AWP/Models/AWP/AWP.FBX
  artifactKey: Guid(a551db186dc560141b8edb1e46d7029c) Importer(815301076,1909f56bfc062723c751e8b465ee728b)
Start importing Assets/AWP/Models/AWP/AWP.FBX using Guid(a551db186dc560141b8edb1e46d7029c) Importer(815301076,1909f56bfc062723c751e8b465ee728b)  -> (artifact id: '0efc8089e35cc4676a88a79af633f7d7') in 0.213736 seconds 
========================================================================
Received Import Request.
  Time since last request: 0.000026 seconds.
  path: Assets/AWP/Models/AWP/AWP_Occlusion.tif
  artifactKey: Guid(763fba495db6ce54ab239e57c81cd28a) Importer(815301076,1909f56bfc062723c751e8b465ee728b)
Start importing Assets/AWP/Models/AWP/AWP_Occlusion.tif using Guid(763fba495db6ce54ab239e57c81cd28a) Importer(815301076,1909f56bfc062723c751e8b465ee728b)  -> (artifact id: '496596e7297ade2a6926dcdee1be4904') in 0.027920 seconds 
========================================================================
Received Import Request.
  Time since last request: 0.000033 seconds.
  path: Assets/AWP/Models/AWP/AWP_Specular.tif
  artifactKey: Guid(698644d646f90bc4187f1049d46a8f98) Importer(815301076,1909f56bfc062723c751e8b465ee728b)
Start importing Assets/AWP/Models/AWP/AWP_Specular.tif using Guid(698644d646f90bc4187f1049d46a8f98) Importer(815301076,1909f56bfc062723c751e8b465ee728b)  -> (artifact id: '5e5f0ef2daa243e337871fb33d4bf984') in 0.019998 seconds 
========================================================================
Received Import Request.
  Time since last request: 22.377189 seconds.
  path: Assets/AWP/Models/AWP/Materials/Material #2.mat
  artifactKey: Guid(f3ce14cc25d0e1743bbcb66bb1be1868) Importer(815301076,1909f56bfc062723c751e8b465ee728b)
Start importing Assets/AWP/Models/AWP/Materials/Material #2.mat using Guid(f3ce14cc25d0e1743bbcb66bb1be1868) Importer(815301076,1909f56bfc062723c751e8b465ee728b)  -> (artifact id: 'b640d1f8df167b35950f212aa064c75e') in 0.015003 seconds 
