Using pre-set license
Built from 'HEAD' branch; Version is '2022.1.23f1c1 (46637c7592ee) revision 4612988'; Using compiler version '192829333'; Build Type 'Release'
OS: 'Windows 11  (10.0.22621) 64bit CoreCountrySpecific' Language: 'zh' Physical Memory: 16049 MB
BatchMode: 1, IsHumanControllingUs: 0, StartBugReporterOnCrash: 0, Is64bit: 1, IsPro: 1

COMMAND LINE ARGUMENTS:
D:\Unity 2022.1.23f1c1\Editor\Unity.exe
-adb2
-batchMode
-noUpm
-name
AssetImportWorker6
-projectPath
E:/Docs/Projects/CEG5205_Final_Project
-logFile
Logs/AssetImportWorker6.log
-srvPort
1585
Successfully changed project path to: E:/Docs/Projects/CEG5205_Final_Project
E:/Docs/Projects/CEG5205_Final_Project
[UnityMemory] Configuration Parameters - Can be set up in boot.config
    "memorysetup-bucket-allocator-granularity=16"
    "memorysetup-bucket-allocator-bucket-count=8"
    "memorysetup-bucket-allocator-block-size=33554432"
    "memorysetup-bucket-allocator-block-count=8"
    "memorysetup-main-allocator-block-size=16777216"
    "memorysetup-thread-allocator-block-size=16777216"
    "memorysetup-gfx-main-allocator-block-size=16777216"
    "memorysetup-gfx-thread-allocator-block-size=16777216"
    "memorysetup-cache-allocator-block-size=4194304"
    "memorysetup-typetree-allocator-block-size=2097152"
    "memorysetup-profiler-bucket-allocator-granularity=16"
    "memorysetup-profiler-bucket-allocator-bucket-count=8"
    "memorysetup-profiler-bucket-allocator-block-size=33554432"
    "memorysetup-profiler-bucket-allocator-block-count=8"
    "memorysetup-profiler-allocator-block-size=16777216"
    "memorysetup-profiler-editor-allocator-block-size=1048576"
    "memorysetup-temp-allocator-size-main=16777216"
    "memorysetup-job-temp-allocator-block-size=2097152"
    "memorysetup-job-temp-allocator-block-size-background=1048576"
    "memorysetup-job-temp-allocator-reduction-small-platforms=262144"
    "memorysetup-temp-allocator-size-background-worker=32768"
    "memorysetup-temp-allocator-size-job-worker=262144"
    "memorysetup-temp-allocator-size-preload-manager=33554432"
    "memorysetup-temp-allocator-size-nav-mesh-worker=65536"
    "memorysetup-temp-allocator-size-audio-worker=65536"
    "memorysetup-temp-allocator-size-cloud-worker=32768"
    "memorysetup-temp-allocator-size-gi-baking-worker=262144"
    "memorysetup-temp-allocator-size-gfx=262144"
Refreshing native plugins compatible for Editor in 60.56 ms, found 3 plugins.
Preloading 0 native plugins for Editor in 0.00 ms.
Initialize engine version: 2022.1.23f1c1 (46637c7592ee)
[Subsystems] Discovering subsystems at path D:/Unity 2022.1.23f1c1/Editor/Data/Resources/UnitySubsystems
[Subsystems] Discovering subsystems at path E:/Docs/Projects/CEG5205_Final_Project/Assets
GfxDevice: creating device client; threaded=0; jobified=0
Direct3D:
    Version:  Direct3D 11.0 [level 11.1]
    Renderer: NVIDIA GeForce RTX 3050 Ti Laptop GPU (ID=0x25a0)
    Vendor:   NVIDIA
    VRAM:     3976 MB
    Driver:   31.0.15.2878
Initialize mono
Mono path[0] = 'D:/Unity 2022.1.23f1c1/Editor/Data/Managed'
Mono path[1] = 'D:/Unity 2022.1.23f1c1/Editor/Data/MonoBleedingEdge/lib/mono/unityjit-win32'
Mono config path = 'D:/Unity 2022.1.23f1c1/Editor/Data/MonoBleedingEdge/etc'
Using monoOptions --debugger-agent=transport=dt_socket,embedding=1,server=y,suspend=n,address=127.0.0.1:56280
Begin MonoManager ReloadAssembly
Registering precompiled unity dll's ...
Register platform support module: D:/Unity 2022.1.23f1c1/Editor/Data/PlaybackEngines/WindowsStandaloneSupport/UnityEditor.WindowsStandalone.Extensions.dll
Registered in 0.001253 seconds.
Native extension for WindowsStandalone target not found
Refreshing native plugins compatible for Editor in 56.83 ms, found 3 plugins.
Preloading 0 native plugins for Editor in 0.00 ms.
Mono: successfully reloaded assembly
- Completed reload, in  0.472 seconds
Domain Reload Profiling:
	ReloadAssembly (472ms)
		BeginReloadAssembly (53ms)
			ExecutionOrderSort (0ms)
			DisableScriptedObjects (0ms)
			BackupInstance (0ms)
			ReleaseScriptingObjects (0ms)
			CreateAndSetChildDomain (1ms)
		EndReloadAssembly (338ms)
			LoadAssemblies (52ms)
			RebuildTransferFunctionScriptingTraits (0ms)
			SetupTypeCache (84ms)
				TypeCache.Initialize (83ms)
					TypeCache.ScanAssembly (82ms)
				ResolveRequiredComponents (1ms)
			ReleaseScriptCaches (0ms)
			RebuildScriptCaches (19ms)
			SetupLoadedEditorAssemblies (195ms)
				LogAssemblyErrors (0ms)
				InitializePlatformSupportModulesInManaged (5ms)
				SetLoadedEditorAssemblies (5ms)
				RefreshPlugins (57ms)
				BeforeProcessingInitializeOnLoad (1ms)
				ProcessInitializeOnLoadAttributes (95ms)
				ProcessInitializeOnLoadMethodAttributes (33ms)
				AfterProcessingInitializeOnLoad (0ms)
				EditorAssembliesLoaded (0ms)
			ExecutionOrderSort2 (0ms)
			AwakeInstancesAfterBackupRestoration (0ms)
Platform modules already initialized, skipping
Registering precompiled user dll's ...
Registered in 0.005220 seconds.
Begin MonoManager ReloadAssembly
Symbol file LoadedFromMemory doesn't match image E:\Docs\Projects\CEG5205_Final_Project\Library\PackageCache\com.unity.visualscripting@1.7.8\Editor\VisualScripting.Core\Dependencies\YamlDotNet\Unity.VisualScripting.YamlDotNet.dll
Symbol file LoadedFromMemory doesn't match image E:\Docs\Projects\CEG5205_Final_Project\Library\PackageCache\com.unity.visualscripting@1.7.8\Editor\VisualScripting.Core\Dependencies\DotNetZip\Unity.VisualScripting.IonicZip.dll
Native extension for WindowsStandalone target not found
Refreshing native plugins compatible for Editor in 0.50 ms, found 3 plugins.
Preloading 0 native plugins for Editor in 0.00 ms.
Mono: successfully reloaded assembly
- Completed reload, in  0.765 seconds
Domain Reload Profiling:
	ReloadAssembly (766ms)
		BeginReloadAssembly (81ms)
			ExecutionOrderSort (0ms)
			DisableScriptedObjects (3ms)
			BackupInstance (0ms)
			ReleaseScriptingObjects (0ms)
			CreateAndSetChildDomain (17ms)
		EndReloadAssembly (599ms)
			LoadAssemblies (58ms)
			RebuildTransferFunctionScriptingTraits (0ms)
			SetupTypeCache (194ms)
				TypeCache.Initialize (191ms)
					TypeCache.ScanAssembly (188ms)
				ResolveRequiredComponents (3ms)
			ReleaseScriptCaches (0ms)
			RebuildScriptCaches (36ms)
			SetupLoadedEditorAssemblies (272ms)
				LogAssemblyErrors (0ms)
				InitializePlatformSupportModulesInManaged (3ms)
				SetLoadedEditorAssemblies (5ms)
				RefreshPlugins (1ms)
				BeforeProcessingInitializeOnLoad (56ms)
				ProcessInitializeOnLoadAttributes (183ms)
				ProcessInitializeOnLoadMethodAttributes (21ms)
				AfterProcessingInitializeOnLoad (3ms)
				EditorAssembliesLoaded (0ms)
			ExecutionOrderSort2 (0ms)
			AwakeInstancesAfterBackupRestoration (5ms)
Platform modules already initialized, skipping
========================================================================
Worker process is ready to serve import requests
Launched and connected shader compiler UnityShaderCompiler.exe after 0.05 seconds
Refreshing native plugins compatible for Editor in 0.46 ms, found 3 plugins.
Preloading 0 native plugins for Editor in 0.00 ms.
Unloading 3428 Unused Serialized files (Serialized files now loaded: 0)
Unloading 26 unused Assets / (58.2 KB). Loaded Objects now: 3889.
Memory consumption went from 0.52 GB to 0.52 GB.
Total: 2.573300 ms (FindLiveObjects: 0.189700 ms CreateObjectMapping: 0.085000 ms MarkObjects: 2.236200 ms  DeleteObjects: 0.061300 ms)

AssetImportParameters requested are different than current active one (requested -> active):
  custom:video-decoder-ogg-theora: a1e56fd34408186e4bbccfd4996cb3dc -> 
  custom:container-muxer-webm: aa71ff27fc2769a1b78a27578f13a17b -> 
  custom:container-demuxer-webm: 4f35f7cbe854078d1ac9338744f61a02 -> 
  custom:video-encoder-webm-vp8: eb34c28f22e8b96e1ab97ce403110664 -> 
  custom:video-codec-MediaFoundation-h265: 746d11721c4dcdbdad8f713fa42b33f4 -> 
  custom:audio-encoder-webm-vorbis: bf7c407c2cedff20999df2af8eb42d56 -> 
  custom:framework-win-MediaFoundation: 216162199b28c13a410421893ffa2e32 -> 
  custom:container-demuxer-ogg: 62fdf1f143b41e24485cea50d1cbac27 -> 
  custom:video-decoder-webm-vp8: 9c59270c3fd7afecdb556c50c9e8de78 -> 
  custom:audio-decoder-ogg-vorbis: bf7c407c2cedff20999df2af8eb42d56 -> 
========================================================================
Received Import Request.
  Time since last request: 334735.277391 seconds.
  path: Assets/Demo/DataAssets/RecoilData/CZ_RecoilAnimData.asset
  artifactKey: Guid(b8322254b95a80542b94c6fdb865f169) Importer(815301076,1909f56bfc062723c751e8b465ee728b)
Start importing Assets/Demo/DataAssets/RecoilData/CZ_RecoilAnimData.asset using Guid(b8322254b95a80542b94c6fdb865f169) Importer(815301076,1909f56bfc062723c751e8b465ee728b)  -> (artifact id: '6e9dec2b5ccaecf69dc74d5a887a2777') in 0.044966 seconds 
========================================================================
Received Import Request.
  Time since last request: 15.162054 seconds.
  path: Assets/Demo/DataAssets/WeaponAnimAssets/WAA_AK203.asset
  artifactKey: Guid(9783c58ac8a18a940866fce4146ad197) Importer(815301076,1909f56bfc062723c751e8b465ee728b)
Start importing Assets/Demo/DataAssets/WeaponAnimAssets/WAA_AK203.asset using Guid(9783c58ac8a18a940866fce4146ad197) Importer(815301076,1909f56bfc062723c751e8b465ee728b)  -> (artifact id: '6d19463400a2c92f8ad327d2a6090062') in 0.020898 seconds 
========================================================================
Received Import Request.
  Time since last request: 0.000039 seconds.
  path: Assets/Demo/DataAssets/WeaponAnimAssets/WAA_G3.asset
  artifactKey: Guid(3f7cbf953cfe04243a2f9123b63aa610) Importer(815301076,1909f56bfc062723c751e8b465ee728b)
Start importing Assets/Demo/DataAssets/WeaponAnimAssets/WAA_G3.asset using Guid(3f7cbf953cfe04243a2f9123b63aa610) Importer(815301076,1909f56bfc062723c751e8b465ee728b)  -> (artifact id: '5260edf55c4cf7089141773b08fa5740') in 0.014327 seconds 
========================================================================
Received Import Request.
  Time since last request: 0.000025 seconds.
  path: Assets/Demo/DataAssets/WeaponAnimAssets/WAA_Mk18_mod1.asset
  artifactKey: Guid(b75a5c957882395478792e809fd8e432) Importer(815301076,1909f56bfc062723c751e8b465ee728b)
Start importing Assets/Demo/DataAssets/WeaponAnimAssets/WAA_Mk18_mod1.asset using Guid(b75a5c957882395478792e809fd8e432) Importer(815301076,1909f56bfc062723c751e8b465ee728b)  -> (artifact id: '6e50e15beb44cf0a9c15c0f718b04835') in 0.020093 seconds 
========================================================================
Received Import Request.
  Time since last request: 29.251155 seconds.
  path: Assets/Demo/DataAssets/AimOffsets/AO_Rifle.asset
  artifactKey: Guid(7058601491d8f444287872b2f8c05086) Importer(815301076,1909f56bfc062723c751e8b465ee728b)
Start importing Assets/Demo/DataAssets/AimOffsets/AO_Rifle.asset using Guid(7058601491d8f444287872b2f8c05086) Importer(815301076,1909f56bfc062723c751e8b465ee728b)  -> (artifact id: 'f266f5b0db52db4d083c07e6c739a725') in 0.018033 seconds 
========================================================================
Received Import Request.
  Time since last request: 15.571614 seconds.
  path: Assets/Demo/Character/Materials/M_Armature_Arms_MaskMap.png
  artifactKey: Guid(03c9fb2427449bf4eadf624b87c01288) Importer(815301076,1909f56bfc062723c751e8b465ee728b)
Start importing Assets/Demo/Character/Materials/M_Armature_Arms_MaskMap.png using Guid(03c9fb2427449bf4eadf624b87c01288) Importer(815301076,1909f56bfc062723c751e8b465ee728b)  -> (artifact id: '56623304a9107aa105bf164d7a063f3f') in 0.113689 seconds 
========================================================================
Received Import Request.
  Time since last request: 0.000026 seconds.
  path: Assets/Demo/Character/Materials/M_Armature_Legs_MaskMap.png
  artifactKey: Guid(4616f9d40abdfcc4eba36747cdb91928) Importer(815301076,1909f56bfc062723c751e8b465ee728b)
Start importing Assets/Demo/Character/Materials/M_Armature_Legs_MaskMap.png using Guid(4616f9d40abdfcc4eba36747cdb91928) Importer(815301076,1909f56bfc062723c751e8b465ee728b)  -> (artifact id: '14e80ba7c2b382f2d0821475928c7c05') in 0.025735 seconds 
========================================================================
Received Import Request.
  Time since last request: 27.905343 seconds.
  path: Assets/Demo/Character/Mesh/IKRig_Humanoid.fbx
  artifactKey: Guid(f6abb5cf2c66b054dbd6afc546ff3044) Importer(815301076,1909f56bfc062723c751e8b465ee728b)
Start importing Assets/Demo/Character/Mesh/IKRig_Humanoid.fbx using Guid(f6abb5cf2c66b054dbd6afc546ff3044) Importer(815301076,1909f56bfc062723c751e8b465ee728b)  -> (artifact id: 'b5c1118af5de20e6529abed4848ca7cd') in 0.353441 seconds 
========================================================================
Received Import Request.
  Time since last request: 7.969346 seconds.
  path: Assets/Demo/Prefabs/Humanoid/CZ Vz_ 82.prefab
  artifactKey: Guid(b943a6c25011e124cbaf9f11eae5af44) Importer(815301076,1909f56bfc062723c751e8b465ee728b)
Start importing Assets/Demo/Prefabs/Humanoid/CZ Vz_ 82.prefab using Guid(b943a6c25011e124cbaf9f11eae5af44) Importer(815301076,1909f56bfc062723c751e8b465ee728b)  -> (artifact id: 'e63f63125f67a11b267d812abe2e6cdd') in 0.046083 seconds 
========================================================================
Received Import Request.
  Time since last request: 0.000029 seconds.
  path: Assets/Demo/Prefabs/Humanoid/PlayerCharacter_Humanoid.prefab
  artifactKey: Guid(8b0aac6c89ad46c4b9863b1a800d7f91) Importer(815301076,1909f56bfc062723c751e8b465ee728b)
Start importing Assets/Demo/Prefabs/Humanoid/PlayerCharacter_Humanoid.prefab using Guid(8b0aac6c89ad46c4b9863b1a800d7f91) Importer(815301076,1909f56bfc062723c751e8b465ee728b)  -> (artifact id: '4aed58c82a5bb5d151b9610bb8f87848') in 0.229247 seconds 
========================================================================
Received Import Request.
  Time since last request: 2.006034 seconds.
  path: Assets/Demo/Prefabs/Generic/Bayonet.prefab
  artifactKey: Guid(fd3b501842c04484c8735d4a41dd49db) Importer(815301076,1909f56bfc062723c751e8b465ee728b)
Start importing Assets/Demo/Prefabs/Generic/Bayonet.prefab using Guid(fd3b501842c04484c8735d4a41dd49db) Importer(815301076,1909f56bfc062723c751e8b465ee728b)  -> (artifact id: 'b1525d14ea1abccc23f9c9957df8cdc5') in 0.049078 seconds 
========================================================================
Received Import Request.
  Time since last request: 0.000023 seconds.
  path: Assets/Demo/Prefabs/Generic/Mk23Mod0.prefab
  artifactKey: Guid(4537cc4f31f6a864ab74877e1dee9b2b) Importer(815301076,1909f56bfc062723c751e8b465ee728b)
Start importing Assets/Demo/Prefabs/Generic/Mk23Mod0.prefab using Guid(4537cc4f31f6a864ab74877e1dee9b2b) Importer(815301076,1909f56bfc062723c751e8b465ee728b)  -> (artifact id: 'aa7c80695c3347d1aaa280d322770e48') in 0.639801 seconds 
========================================================================
Received Import Request.
  Time since last request: 0.000035 seconds.
  path: Assets/Demo/Prefabs/Generic/PlayerCharacter.prefab
  artifactKey: Guid(b448f465ad1fc5f41b23d67739d4f3cc) Importer(815301076,1909f56bfc062723c751e8b465ee728b)
Start importing Assets/Demo/Prefabs/Generic/PlayerCharacter.prefab using Guid(b448f465ad1fc5f41b23d67739d4f3cc) Importer(815301076,1909f56bfc062723c751e8b465ee728b)  -> (artifact id: '8ae20d6be4dc979c8c29b16e15fa21e5') in 3.812945 seconds 
========================================================================
Received Import Request.
  Time since last request: 124.606445 seconds.
  path: Assets/Demo/DataAssets/IKAnimations/IKAnim_Crouch.asset
  artifactKey: Guid(e17c7783a4255b748bf51256f0ae18c6) Importer(815301076,1909f56bfc062723c751e8b465ee728b)
Start importing Assets/Demo/DataAssets/IKAnimations/IKAnim_Crouch.asset using Guid(e17c7783a4255b748bf51256f0ae18c6) Importer(815301076,1909f56bfc062723c751e8b465ee728b)  -> (artifact id: '6d38551aa0ba5ca08289cfc88c89d53e') in 0.015725 seconds 
========================================================================
Received Import Request.
  Time since last request: 0.000026 seconds.
  path: Assets/Demo/DataAssets/IKAnimations/IKAnim_Lean.asset
  artifactKey: Guid(ba2e1a2496024db428982ac4e189d5e2) Importer(815301076,1909f56bfc062723c751e8b465ee728b)
Start importing Assets/Demo/DataAssets/IKAnimations/IKAnim_Lean.asset using Guid(ba2e1a2496024db428982ac4e189d5e2) Importer(815301076,1909f56bfc062723c751e8b465ee728b)  -> (artifact id: 'eeda483578b4129295e049d52f3e72e1') in 0.011241 seconds 
========================================================================
Received Import Request.
  Time since last request: 0.000020 seconds.
  path: Assets/Demo/DataAssets/IKAnimations/IKAnim_StopMoving.asset
  artifactKey: Guid(dafa5bd76c09ec246bdf49fd3b3f4314) Importer(815301076,1909f56bfc062723c751e8b465ee728b)
Start importing Assets/Demo/DataAssets/IKAnimations/IKAnim_StopMoving.asset using Guid(dafa5bd76c09ec246bdf49fd3b3f4314) Importer(815301076,1909f56bfc062723c751e8b465ee728b)  -> (artifact id: 'c093740127c79dd1c2cd77bcfcf40b8c') in 0.013175 seconds 
Editor requested this worker to shutdown with reason: Scaling down because of idle timeout
AssetImportWorker is now disconnected from the server
Process exiting
Exiting without the bug reporter. Application will terminate with return code 0